오후 6:53:22  [main] 	Initializing Control Panel
오후 6:53:22  [main] 	Windows Version:  Home  64-bit
오후 6:53:22  [main] 	XAMPP Version: 8.2.4
오후 6:53:22  [main] 	Control Panel Version: 3.3.0  [ Compiled: Apr 6th 2021 ]
오후 6:53:22  [main] 	Running with Administrator rights - good!
오후 6:53:22  [main] 	XAMPP Installation Directory: "c:\xampp\"
오후 6:53:22  [main] 	Checking for prerequisites
오후 6:53:22  [main] 	All prerequisites found
오후 6:53:22  [main] 	Initializing Modules
오후 6:53:22  [main] 	The FileZilla module is disabled
오후 6:53:22  [main] 	The Mercury module is disabled
오후 6:53:22  [main] 	The Tomcat module is disabled
오후 6:53:22  [main] 	Starting Check-Timer
오후 6:53:22  [main] 	Control Panel Ready
오후 6:53:23  [Apache] 	Attempting to start Apache app...
오후 6:53:23  [Apache] 	Status change detected: running
오후 6:53:24  [mysql] 	Attempting to start MySQL app...
오후 6:53:24  [mysql] 	Status change detected: running
오후 8:53:31  [Apache] 	Attempting to stop Apache (PID: 11672)
오후 8:53:31  [Apache] 	Attempting to stop Apache (PID: 4628)
오후 8:53:31  [Apache] 	Status change detected: stopped
오후 8:53:31  [mysql] 	Attempting to stop MySQL app...
오후 8:53:31  [mysql] 	Status change detected: stopped
오후 8:53:34  [Apache] 	Attempting to start Apache app...
오후 8:53:34  [Apache] 	Status change detected: running
오후 8:53:35  [mysql] 	Attempting to start MySQL app...
오후 8:53:35  [mysql] 	Status change detected: running
오후 9:00:02  [Apache] 	Attempting to stop Apache (PID: 14472)
오후 9:00:02  [Apache] 	Attempting to stop Apache (PID: 28696)
오후 9:00:03  [mysql] 	Attempting to stop MySQL app...
오후 9:00:03  [Apache] 	Status change detected: stopped
오후 9:00:03  [mysql] 	Status change detected: stopped
오후 9:00:03  [main] 	Deinitializing Modules
오후 9:00:03  [main] 	Deinitializing Control Panel

오후 10:09:13  [main] 	Initializing Control Panel
오후 10:09:13  [main] 	Windows Version:  Home  64-bit
오후 10:09:13  [main] 	XAMPP Version: 8.2.4
오후 10:09:13  [main] 	Control Panel Version: 3.3.0  [ Compiled: Apr 6th 2021 ]
오후 10:09:13  [main] 	You are not running with administrator rights! This will work for
오후 10:09:13  [main] 	most application stuff but whenever you do something with services
오후 10:09:13  [main] 	there will be a security dialogue or things will break! So think 
오후 10:09:13  [main] 	about running this application with administrator rights!
오후 10:09:13  [main] 	XAMPP Installation Directory: "c:\xampp\"
오후 10:09:13  [main] 	Checking for prerequisites
오후 10:09:14  [main] 	All prerequisites found
오후 10:09:14  [main] 	Initializing Modules
오후 10:09:14  [main] 	The FileZilla module is disabled
오후 10:09:14  [main] 	The Mercury module is disabled
오후 10:09:14  [main] 	The Tomcat module is disabled
오후 10:09:14  [main] 	Starting Check-Timer
오후 10:09:14  [main] 	Control Panel Ready
오후 10:09:15  [Apache] 	Attempting to start Apache app...
오후 10:09:15  [Apache] 	Status change detected: running
오후 10:09:16  [mysql] 	Attempting to start MySQL app...
오후 10:09:16  [mysql] 	Status change detected: running
오후 11:04:26  [Apache] 	Attempting to stop Apache (PID: 21924)
오후 11:04:26  [Apache] 	Attempting to stop Apache (PID: 2176)
오후 11:04:27  [Apache] 	Status change detected: stopped
오후 11:04:27  [mysql] 	Attempting to stop MySQL app...
오후 11:04:27  [mysql] 	Status change detected: stopped
오후 11:04:33  [main] 	Deinitializing Modules
오후 11:04:33  [main] 	Deinitializing Control Panel

